[01m[K/home/jing/Documents/Scripts/CRTK/Flexiv_CRTK/src/flexiv_crtk/src/robot_state_publisher.cpp:[m[K In function ‘[01m[Kint main(int, char**)[m[K’:
[01m[K/home/jing/Documents/Scripts/CRTK/Flexiv_CRTK/src/flexiv_crtk/src/robot_state_publisher.cpp:53:26:[m[K [01;31m[Kerror: [m[K‘[01m[Kflexiv_crtk::RobotStates_CRTK {aka struct flexiv_crtk::RobotStates_CRTK_<std::allocator<void> >}[m[K’ has no member named ‘[01m[Kmeasured_cp[m[K’; did you mean ‘[01m[Kmeasured_jp[m[K’?
         robot_states_msg.[01;31m[Kmeasured_cp[m[K.position.x = cur_robot_states.tcpPose[0];
                          [01;31m[K^~~~~~~~~~~[m[K
                          [32m[Kmeasured_jp[m[K
[01m[K/home/jing/Documents/Scripts/CRTK/Flexiv_CRTK/src/flexiv_crtk/src/robot_state_publisher.cpp:54:26:[m[K [01;31m[Kerror: [m[K‘[01m[Kflexiv_crtk::RobotStates_CRTK {aka struct flexiv_crtk::RobotStates_CRTK_<std::allocator<void> >}[m[K’ has no member named ‘[01m[Kmeasured_cp[m[K’; did you mean ‘[01m[Kmeasured_jp[m[K’?
         robot_states_msg.[01;31m[Kmeasured_cp[m[K.position.y = cur_robot_states.tcpPose[1];
                          [01;31m[K^~~~~~~~~~~[m[K
                          [32m[Kmeasured_jp[m[K
[01m[K/home/jing/Documents/Scripts/CRTK/Flexiv_CRTK/src/flexiv_crtk/src/robot_state_publisher.cpp:55:26:[m[K [01;31m[Kerror: [m[K‘[01m[Kflexiv_crtk::RobotStates_CRTK {aka struct flexiv_crtk::RobotStates_CRTK_<std::allocator<void> >}[m[K’ has no member named ‘[01m[Kmeasured_cp[m[K’; did you mean ‘[01m[Kmeasured_jp[m[K’?
         robot_states_msg.[01;31m[Kmeasured_cp[m[K.position.z = cur_robot_states.tcpPose[2];
                          [01;31m[K^~~~~~~~~~~[m[K
                          [32m[Kmeasured_jp[m[K
[01m[K/home/jing/Documents/Scripts/CRTK/Flexiv_CRTK/src/flexiv_crtk/src/robot_state_publisher.cpp:56:26:[m[K [01;31m[Kerror: [m[K‘[01m[Kflexiv_crtk::RobotStates_CRTK {aka struct flexiv_crtk::RobotStates_CRTK_<std::allocator<void> >}[m[K’ has no member named ‘[01m[Kmeasured_cp[m[K’; did you mean ‘[01m[Kmeasured_jp[m[K’?
         robot_states_msg.[01;31m[Kmeasured_cp[m[K.orientation.x = cur_robot_states.tcpPose[3];
                          [01;31m[K^~~~~~~~~~~[m[K
                          [32m[Kmeasured_jp[m[K
[01m[K/home/jing/Documents/Scripts/CRTK/Flexiv_CRTK/src/flexiv_crtk/src/robot_state_publisher.cpp:57:26:[m[K [01;31m[Kerror: [m[K‘[01m[Kflexiv_crtk::RobotStates_CRTK {aka struct flexiv_crtk::RobotStates_CRTK_<std::allocator<void> >}[m[K’ has no member named ‘[01m[Kmeasured_cp[m[K’; did you mean ‘[01m[Kmeasured_jp[m[K’?
         robot_states_msg.[01;31m[Kmeasured_cp[m[K.orientation.y = cur_robot_states.tcpPose[4];
                          [01;31m[K^~~~~~~~~~~[m[K
                          [32m[Kmeasured_jp[m[K
[01m[K/home/jing/Documents/Scripts/CRTK/Flexiv_CRTK/src/flexiv_crtk/src/robot_state_publisher.cpp:58:26:[m[K [01;31m[Kerror: [m[K‘[01m[Kflexiv_crtk::RobotStates_CRTK {aka struct flexiv_crtk::RobotStates_CRTK_<std::allocator<void> >}[m[K’ has no member named ‘[01m[Kmeasured_cp[m[K’; did you mean ‘[01m[Kmeasured_jp[m[K’?
         robot_states_msg.[01;31m[Kmeasured_cp[m[K.orientation.z = cur_robot_states.tcpPose[5];
                          [01;31m[K^~~~~~~~~~~[m[K
                          [32m[Kmeasured_jp[m[K
[01m[K/home/jing/Documents/Scripts/CRTK/Flexiv_CRTK/src/flexiv_crtk/src/robot_state_publisher.cpp:59:26:[m[K [01;31m[Kerror: [m[K‘[01m[Kflexiv_crtk::RobotStates_CRTK {aka struct flexiv_crtk::RobotStates_CRTK_<std::allocator<void> >}[m[K’ has no member named ‘[01m[Kmeasured_cp[m[K’; did you mean ‘[01m[Kmeasured_jp[m[K’?
         robot_states_msg.[01;31m[Kmeasured_cp[m[K.orientation.w = cur_robot_states.tcpPose[6];
                          [01;31m[K^~~~~~~~~~~[m[K
                          [32m[Kmeasured_jp[m[K
make[2]: *** [CMakeFiles/robot_state_publisher.dir/src/robot_state_publisher.cpp.o] Error 1
make[1]: *** [CMakeFiles/robot_state_publisher.dir/all] Error 2
make: *** [all] Error 2
