In file included from [01m[K/home/jing/Documents/Scripts/CRTK/Flexiv_CRTK/src/flexiv_crtk/src/robot_config.hpp:7:0[m[K,
                 from [01m[K/home/jing/Documents/Scripts/CRTK/Flexiv_CRTK/src/flexiv_crtk/src/robot_states_publisher.cpp:2[m[K:
[01m[K/home/jing/Documents/Scripts/CRTK/Flexiv_CRTK/src/flexiv_crtk/src/flexiv_include/flexiv/Robot_CRTK.hpp:26:25:[m[K [01;31m[Kerror: [m[Kexpected identifier before ‘[01m[K([m[K’ token
     ros::Rate loop_rate([01;31m[K([m[Kint)1000);
                         [01;31m[K^[m[K
[01m[K/home/jing/Documents/Scripts/CRTK/Flexiv_CRTK/src/flexiv_crtk/src/flexiv_include/flexiv/Robot_CRTK.hpp:26:30:[m[K [01;31m[Kerror: [m[Kexpected ‘[01m[K,[m[K’ or ‘[01m[K...[m[K’ before numeric constant
     ros::Rate loop_rate((int)[01;31m[K1000[m[K);
                              [01;31m[K^~~~[m[K
In file included from [01m[K/home/jing/Documents/Scripts/CRTK/Flexiv_CRTK/src/flexiv_crtk/src/robot_config.hpp:7:0[m[K,
                 from [01m[K/home/jing/Documents/Scripts/CRTK/Flexiv_CRTK/src/flexiv_crtk/src/test_main.cpp:1[m[K:
[01m[K/home/jing/Documents/Scripts/CRTK/Flexiv_CRTK/src/flexiv_crtk/src/flexiv_include/flexiv/Robot_CRTK.hpp:26:25:[m[K [01;31m[Kerror: [m[Kexpected identifier before ‘[01m[K([m[K’ token
     ros::Rate loop_rate([01;31m[K([m[Kint)1000);
                         [01;31m[K^[m[K
[01m[K/home/jing/Documents/Scripts/CRTK/Flexiv_CRTK/src/flexiv_crtk/src/flexiv_include/flexiv/Robot_CRTK.hpp:26:30:[m[K [01;31m[Kerror: [m[Kexpected ‘[01m[K,[m[K’ or ‘[01m[K...[m[K’ before numeric constant
     ros::Rate loop_rate((int)[01;31m[K1000[m[K);
                              [01;31m[K^~~~[m[K
make[2]: *** [CMakeFiles/robot_states_publisher.dir/src/robot_states_publisher.cpp.o] Error 1
make[1]: *** [CMakeFiles/robot_states_publisher.dir/all] Error 2
make[1]: *** Waiting for unfinished jobs....
make[2]: *** [CMakeFiles/test_main.dir/src/test_main.cpp.o] Error 1
make[1]: *** [CMakeFiles/test_main.dir/all] Error 2
make: *** [all] Error 2
