In file included from [01m[K/home/jing/Documents/Scripts/CRTK/Flexiv_CRTK/src/flexiv_crtk/src/robot_config.hpp:7:0[m[K,
                 from [01m[K/home/jing/Documents/Scripts/CRTK/Flexiv_CRTK/src/flexiv_crtk/src/robot_states_publisher.cpp:2[m[K:
[01m[K/home/jing/Documents/Scripts/CRTK/Flexiv_CRTK/src/flexiv_crtk/src/flexiv_include/flexiv/Robot_CRTK.hpp:27:25:[m[K [01;31m[Kerror: [m[Kexpected identifier before numeric constant
     ros::Rate loop_rate([01;31m[K1000[m[K);
                         [01;31m[K^~~~[m[K
[01m[K/home/jing/Documents/Scripts/CRTK/Flexiv_CRTK/src/flexiv_crtk/src/flexiv_include/flexiv/Robot_CRTK.hpp:27:25:[m[K [01;31m[Kerror: [m[Kexpected ‘[01m[K,[m[K’ or ‘[01m[K...[m[K’ before numeric constant
In file included from [01m[K/home/jing/Documents/Scripts/CRTK/Flexiv_CRTK/src/flexiv_crtk/src/robot_config.hpp:7:0[m[K,
                 from [01m[K/home/jing/Documents/Scripts/CRTK/Flexiv_CRTK/src/flexiv_crtk/src/test_main.cpp:1[m[K:
[01m[K/home/jing/Documents/Scripts/CRTK/Flexiv_CRTK/src/flexiv_crtk/src/flexiv_include/flexiv/Robot_CRTK.hpp:27:25:[m[K [01;31m[Kerror: [m[Kexpected identifier before numeric constant
     ros::Rate loop_rate([01;31m[K1000[m[K);
                         [01;31m[K^~~~[m[K
[01m[K/home/jing/Documents/Scripts/CRTK/Flexiv_CRTK/src/flexiv_crtk/src/flexiv_include/flexiv/Robot_CRTK.hpp:27:25:[m[K [01;31m[Kerror: [m[Kexpected ‘[01m[K,[m[K’ or ‘[01m[K...[m[K’ before numeric constant
[01m[K/home/jing/Documents/Scripts/CRTK/Flexiv_CRTK/src/flexiv_crtk/src/test_main.cpp:[m[K In function ‘[01m[Kint main(int, char**)[m[K’:
[01m[K/home/jing/Documents/Scripts/CRTK/Flexiv_CRTK/src/flexiv_crtk/src/test_main.cpp:132:63:[m[K [01;31m[Kerror: [m[K‘[01m[Kconst int flexiv::Robot_CRTK::robot_dof_num[m[K’ is private within this context
             std::vector<double> target_joint_velocities(robot.[01;31m[Krobot_dof_num[m[K, 0.2);
                                                               [01;31m[K^~~~~~~~~~~~~[m[K
In file included from [01m[K/home/jing/Documents/Scripts/CRTK/Flexiv_CRTK/src/flexiv_crtk/src/robot_config.hpp:7:0[m[K,
                 from [01m[K/home/jing/Documents/Scripts/CRTK/Flexiv_CRTK/src/flexiv_crtk/src/test_main.cpp:1[m[K:
[01m[K/home/jing/Documents/Scripts/CRTK/Flexiv_CRTK/src/flexiv_crtk/src/flexiv_include/flexiv/Robot_CRTK.hpp:24:31:[m[K [01;36m[Knote: [m[Kdeclared private here
     const int robot_dof_num = [01;36m[K7[m[K;
                               [01;36m[K^[m[K
[01m[K/home/jing/Documents/Scripts/CRTK/Flexiv_CRTK/src/flexiv_crtk/src/test_main.cpp:133:66:[m[K [01;31m[Kerror: [m[K‘[01m[Kconst int flexiv::Robot_CRTK::robot_dof_num[m[K’ is private within this context
             std::vector<double> target_joint_accelerations(robot.[01;31m[Krobot_dof_num[m[K, 0.5);
                                                                  [01;31m[K^~~~~~~~~~~~~[m[K
In file included from [01m[K/home/jing/Documents/Scripts/CRTK/Flexiv_CRTK/src/flexiv_crtk/src/robot_config.hpp:7:0[m[K,
                 from [01m[K/home/jing/Documents/Scripts/CRTK/Flexiv_CRTK/src/flexiv_crtk/src/test_main.cpp:1[m[K:
[01m[K/home/jing/Documents/Scripts/CRTK/Flexiv_CRTK/src/flexiv_crtk/src/flexiv_include/flexiv/Robot_CRTK.hpp:24:31:[m[K [01;36m[Knote: [m[Kdeclared private here
     const int robot_dof_num = [01;36m[K7[m[K;
                               [01;36m[K^[m[K
[01m[K/home/jing/Documents/Scripts/CRTK/Flexiv_CRTK/src/flexiv_crtk/src/test_main.cpp:134:60:[m[K [01;31m[Kerror: [m[K‘[01m[Kconst int flexiv::Robot_CRTK::robot_dof_num[m[K’ is private within this context
             std::vector<double> max_joint_velocities(robot.[01;31m[Krobot_dof_num[m[K, 0.5);
                                                            [01;31m[K^~~~~~~~~~~~~[m[K
In file included from [01m[K/home/jing/Documents/Scripts/CRTK/Flexiv_CRTK/src/flexiv_crtk/src/robot_config.hpp:7:0[m[K,
                 from [01m[K/home/jing/Documents/Scripts/CRTK/Flexiv_CRTK/src/flexiv_crtk/src/test_main.cpp:1[m[K:
[01m[K/home/jing/Documents/Scripts/CRTK/Flexiv_CRTK/src/flexiv_crtk/src/flexiv_include/flexiv/Robot_CRTK.hpp:24:31:[m[K [01;36m[Knote: [m[Kdeclared private here
     const int robot_dof_num = [01;36m[K7[m[K;
                               [01;36m[K^[m[K
[01m[K/home/jing/Documents/Scripts/CRTK/Flexiv_CRTK/src/flexiv_crtk/src/test_main.cpp:135:63:[m[K [01;31m[Kerror: [m[K‘[01m[Kconst int flexiv::Robot_CRTK::robot_dof_num[m[K’ is private within this context
             std::vector<double> max_joint_accelerations(robot.[01;31m[Krobot_dof_num[m[K, 0.5);
                                                               [01;31m[K^~~~~~~~~~~~~[m[K
In file included from [01m[K/home/jing/Documents/Scripts/CRTK/Flexiv_CRTK/src/flexiv_crtk/src/robot_config.hpp:7:0[m[K,
                 from [01m[K/home/jing/Documents/Scripts/CRTK/Flexiv_CRTK/src/flexiv_crtk/src/test_main.cpp:1[m[K:
[01m[K/home/jing/Documents/Scripts/CRTK/Flexiv_CRTK/src/flexiv_crtk/src/flexiv_include/flexiv/Robot_CRTK.hpp:24:31:[m[K [01;36m[Knote: [m[Kdeclared private here
     const int robot_dof_num = [01;36m[K7[m[K;
                               [01;36m[K^[m[K
[01m[K/home/jing/Documents/Scripts/CRTK/Flexiv_CRTK/src/flexiv_crtk/src/test_main.cpp:136:54:[m[K [01;31m[Kerror: [m[K‘[01m[Kconst int flexiv::Robot_CRTK::robot_dof_num[m[K’ is private within this context
             std::vector<double> max_joint_jerk(robot.[01;31m[Krobot_dof_num[m[K, 0.8);
                                                      [01;31m[K^~~~~~~~~~~~~[m[K
In file included from [01m[K/home/jing/Documents/Scripts/CRTK/Flexiv_CRTK/src/flexiv_crtk/src/robot_config.hpp:7:0[m[K,
                 from [01m[K/home/jing/Documents/Scripts/CRTK/Flexiv_CRTK/src/flexiv_crtk/src/test_main.cpp:1[m[K:
[01m[K/home/jing/Documents/Scripts/CRTK/Flexiv_CRTK/src/flexiv_crtk/src/flexiv_include/flexiv/Robot_CRTK.hpp:24:31:[m[K [01;36m[Knote: [m[Kdeclared private here
     const int robot_dof_num = [01;36m[K7[m[K;
                               [01;36m[K^[m[K
[01m[K/home/jing/Documents/Scripts/CRTK/Flexiv_CRTK/src/flexiv_crtk/src/test_main.cpp:160:63:[m[K [01;31m[Kerror: [m[K‘[01m[Kconst int flexiv::Robot_CRTK::robot_dof_num[m[K’ is private within this context
             std::vector<double> target_joint_velocities(robot.[01;31m[Krobot_dof_num[m[K, 0.2);
                                                               [01;31m[K^~~~~~~~~~~~~[m[K
In file included from [01m[K/home/jing/Documents/Scripts/CRTK/Flexiv_CRTK/src/flexiv_crtk/src/robot_config.hpp:7:0[m[K,
                 from [01m[K/home/jing/Documents/Scripts/CRTK/Flexiv_CRTK/src/flexiv_crtk/src/test_main.cpp:1[m[K:
[01m[K/home/jing/Documents/Scripts/CRTK/Flexiv_CRTK/src/flexiv_crtk/src/flexiv_include/flexiv/Robot_CRTK.hpp:24:31:[m[K [01;36m[Knote: [m[Kdeclared private here
     const int robot_dof_num = [01;36m[K7[m[K;
                               [01;36m[K^[m[K
[01m[K/home/jing/Documents/Scripts/CRTK/Flexiv_CRTK/src/flexiv_crtk/src/test_main.cpp:161:66:[m[K [01;31m[Kerror: [m[K‘[01m[Kconst int flexiv::Robot_CRTK::robot_dof_num[m[K’ is private within this context
             std::vector<double> target_joint_accelerations(robot.[01;31m[Krobot_dof_num[m[K, 0.5);
                                                                  [01;31m[K^~~~~~~~~~~~~[m[K
In file included from [01m[K/home/jing/Documents/Scripts/CRTK/Flexiv_CRTK/src/flexiv_crtk/src/robot_config.hpp:7:0[m[K,
                 from [01m[K/home/jing/Documents/Scripts/CRTK/Flexiv_CRTK/src/flexiv_crtk/src/test_main.cpp:1[m[K:
[01m[K/home/jing/Documents/Scripts/CRTK/Flexiv_CRTK/src/flexiv_crtk/src/flexiv_include/flexiv/Robot_CRTK.hpp:24:31:[m[K [01;36m[Knote: [m[Kdeclared private here
     const int robot_dof_num = [01;36m[K7[m[K;
                               [01;36m[K^[m[K
make[2]: *** [CMakeFiles/robot_states_publisher.dir/src/robot_states_publisher.cpp.o] Error 1
make[1]: *** [CMakeFiles/robot_states_publisher.dir/all] Error 2
make[1]: *** Waiting for unfinished jobs....
make[2]: *** [CMakeFiles/test_main.dir/src/test_main.cpp.o] Error 1
make[1]: *** [CMakeFiles/test_main.dir/all] Error 2
make: *** [all] Error 2
