In file included from [01m[K/usr/include/boost/function/detail/maybe_include.hpp:18:0[m[K,
                 from [01m[K/usr/include/boost/function/detail/function_iterate.hpp:14[m[K,
                 from [01m[K/usr/include/boost/preprocessor/iteration/detail/iter/forward1.hpp:52[m[K,
                 from [01m[K/usr/include/boost/function.hpp:64[m[K,
                 from [01m[K/opt/ros/melodic/include/ros/forwards.h:40[m[K,
                 from [01m[K/opt/ros/melodic/include/ros/common.h:37[m[K,
                 from [01m[K/opt/ros/melodic/include/ros/ros.h:43[m[K,
                 from [01m[K/home/jing/Documents/Scripts/CRTK/Flexiv_CRTK/src/flexiv_crtk/src/robot_states_publisher.cpp:1[m[K:
/usr/include/boost/function/function_template.hpp: In instantiation of ‘[01m[Kstatic void boost::detail::function::function_void_mem_invoker1<MemberPtr, R, T0>::invoke(boost::detail::function::function_buffer&, T0) [with MemberPtr = void (flexiv::Robot_CRTK::*)(const ros::TimerEvent&); R = void; T0 = const ros::TimerEvent&][m[K’:
[01m[K/usr/include/boost/function/function_template.hpp:925:38:[m[K   required from ‘[01m[Kvoid boost::function1<R, T1>::assign_to(Functor) [with Functor = void (flexiv::Robot_CRTK::*)(const ros::TimerEvent&); R = void; T0 = const ros::TimerEvent&][m[K’
[01m[K/usr/include/boost/function/function_template.hpp:716:7:[m[K   required from ‘[01m[Kboost::function1<R, T1>::function1(Functor, typename boost::enable_if_c<(! boost::is_integral<Functor>::value), int>::type) [with Functor = void (flexiv::Robot_CRTK::*)(const ros::TimerEvent&); R = void; T0 = const ros::TimerEvent&; typename boost::enable_if_c<(! boost::is_integral<Functor>::value), int>::type = int][m[K’
[01m[K/usr/include/boost/function/function_template.hpp:1061:16:[m[K   required from ‘[01m[Kboost::function<R(T0)>::function(Functor, typename boost::enable_if_c<(! boost::is_integral<Functor>::value), int>::type) [with Functor = void (flexiv::Robot_CRTK::*)(const ros::TimerEvent&); R = void; T0 = const ros::TimerEvent&; typename boost::enable_if_c<(! boost::is_integral<Functor>::value), int>::type = int][m[K’
[01m[K/home/jing/Documents/Scripts/CRTK/Flexiv_CRTK/src/flexiv_crtk/src/flexiv_include/flexiv/Robot_CRTK.hpp:35:92:[m[K   required from here
[01m[K/usr/include/boost/function/function_template.hpp:231:11:[m[K [01;31m[Kerror: [m[Kno match for call to ‘[01m[K(boost::_mfi::mf1<void, flexiv::Robot_CRTK, const ros::TimerEvent&>) (const ros::TimerEvent&)[m[K’
           [01;31m[KB[m[KOOST_FUNCTION_RETURN(boost::mem_fn(*f)(BOOST_FUNCTION_ARGS));
           [01;31m[K^[m[K
In file included from [01m[K/usr/include/boost/bind/mem_fn.hpp:215:0[m[K,
                 from [01m[K/usr/include/boost/mem_fn.hpp:22[m[K,
                 from [01m[K/usr/include/boost/function/detail/prologue.hpp:18[m[K,
                 from [01m[K/usr/include/boost/function.hpp:24[m[K,
                 from [01m[K/opt/ros/melodic/include/ros/forwards.h:40[m[K,
                 from [01m[K/opt/ros/melodic/include/ros/common.h:37[m[K,
                 from [01m[K/opt/ros/melodic/include/ros/ros.h:43[m[K,
                 from [01m[K/home/jing/Documents/Scripts/CRTK/Flexiv_CRTK/src/flexiv_crtk/src/robot_states_publisher.cpp:1[m[K:
[01m[K/usr/include/boost/bind/mem_fn_template.hpp:163:7:[m[K [01;36m[Knote: [m[Kcandidate: R boost::_mfi::mf1<R, T, A1>::operator()(T*, A1) const [with R = void; T = flexiv::Robot_CRTK; A1 = const ros::TimerEvent&]
     R [01;36m[Koperator[m[K()(T * p, A1 a1) const
       [01;36m[K^~~~~~~~[m[K
[01m[K/usr/include/boost/bind/mem_fn_template.hpp:163:7:[m[K [01;36m[Knote: [m[K  candidate expects 2 arguments, 1 provided
[01m[K/usr/include/boost/bind/mem_fn_template.hpp:168:25:[m[K [01;36m[Knote: [m[Kcandidate: template<class U> R boost::_mfi::mf1<R, T, A1>::operator()(U&, A1) const [with U = U; R = void; T = flexiv::Robot_CRTK; A1 = const ros::TimerEvent&]
     template<class U> R [01;36m[Koperator[m[K()(U & u, A1 a1) const
                         [01;36m[K^~~~~~~~[m[K
[01m[K/usr/include/boost/bind/mem_fn_template.hpp:168:25:[m[K [01;36m[Knote: [m[K  template argument deduction/substitution failed:
In file included from [01m[K/usr/include/boost/function/detail/maybe_include.hpp:18:0[m[K,
                 from [01m[K/usr/include/boost/function/detail/function_iterate.hpp:14[m[K,
                 from [01m[K/usr/include/boost/preprocessor/iteration/detail/iter/forward1.hpp:52[m[K,
                 from [01m[K/usr/include/boost/function.hpp:64[m[K,
                 from [01m[K/opt/ros/melodic/include/ros/forwards.h:40[m[K,
                 from [01m[K/opt/ros/melodic/include/ros/common.h:37[m[K,
                 from [01m[K/opt/ros/melodic/include/ros/ros.h:43[m[K,
                 from [01m[K/home/jing/Documents/Scripts/CRTK/Flexiv_CRTK/src/flexiv_crtk/src/robot_states_publisher.cpp:1[m[K:
[01m[K/usr/include/boost/function/function_template.hpp:231:11:[m[K [01;36m[Knote: [m[K  candidate expects 2 arguments, 1 provided
           [01;36m[KB[m[KOOST_FUNCTION_RETURN(boost::mem_fn(*f)(BOOST_FUNCTION_ARGS));
           [01;36m[K^[m[K
In file included from [01m[K/usr/include/boost/bind/mem_fn.hpp:215:0[m[K,
                 from [01m[K/usr/include/boost/mem_fn.hpp:22[m[K,
                 from [01m[K/usr/include/boost/function/detail/prologue.hpp:18[m[K,
                 from [01m[K/usr/include/boost/function.hpp:24[m[K,
                 from [01m[K/opt/ros/melodic/include/ros/forwards.h:40[m[K,
                 from [01m[K/opt/ros/melodic/include/ros/common.h:37[m[K,
                 from [01m[K/opt/ros/melodic/include/ros/ros.h:43[m[K,
                 from [01m[K/home/jing/Documents/Scripts/CRTK/Flexiv_CRTK/src/flexiv_crtk/src/robot_states_publisher.cpp:1[m[K:
[01m[K/usr/include/boost/bind/mem_fn_template.hpp:176:25:[m[K [01;36m[Knote: [m[Kcandidate: template<class U> R boost::_mfi::mf1<R, T, A1>::operator()(const U&, A1) const [with U = U; R = void; T = flexiv::Robot_CRTK; A1 = const ros::TimerEvent&]
     template<class U> R [01;36m[Koperator[m[K()(U const & u, A1 a1) const
                         [01;36m[K^~~~~~~~[m[K
[01m[K/usr/include/boost/bind/mem_fn_template.hpp:176:25:[m[K [01;36m[Knote: [m[K  template argument deduction/substitution failed:
In file included from [01m[K/usr/include/boost/function/detail/maybe_include.hpp:18:0[m[K,
                 from [01m[K/usr/include/boost/function/detail/function_iterate.hpp:14[m[K,
                 from [01m[K/usr/include/boost/preprocessor/iteration/detail/iter/forward1.hpp:52[m[K,
                 from [01m[K/usr/include/boost/function.hpp:64[m[K,
                 from [01m[K/opt/ros/melodic/include/ros/forwards.h:40[m[K,
                 from [01m[K/opt/ros/melodic/include/ros/common.h:37[m[K,
                 from [01m[K/opt/ros/melodic/include/ros/ros.h:43[m[K,
                 from [01m[K/home/jing/Documents/Scripts/CRTK/Flexiv_CRTK/src/flexiv_crtk/src/robot_states_publisher.cpp:1[m[K:
[01m[K/usr/include/boost/function/function_template.hpp:231:11:[m[K [01;36m[Knote: [m[K  candidate expects 2 arguments, 1 provided
           [01;36m[KB[m[KOOST_FUNCTION_RETURN(boost::mem_fn(*f)(BOOST_FUNCTION_ARGS));
           [01;36m[K^[m[K
In file included from [01m[K/usr/include/boost/bind/mem_fn.hpp:215:0[m[K,
                 from [01m[K/usr/include/boost/mem_fn.hpp:22[m[K,
                 from [01m[K/usr/include/boost/function/detail/prologue.hpp:18[m[K,
                 from [01m[K/usr/include/boost/function.hpp:24[m[K,
                 from [01m[K/opt/ros/melodic/include/ros/forwards.h:40[m[K,
                 from [01m[K/opt/ros/melodic/include/ros/common.h:37[m[K,
                 from [01m[K/opt/ros/melodic/include/ros/ros.h:43[m[K,
                 from [01m[K/home/jing/Documents/Scripts/CRTK/Flexiv_CRTK/src/flexiv_crtk/src/robot_states_publisher.cpp:1[m[K:
[01m[K/usr/include/boost/bind/mem_fn_template.hpp:184:7:[m[K [01;36m[Knote: [m[Kcandidate: R boost::_mfi::mf1<R, T, A1>::operator()(T&, A1) const [with R = void; T = flexiv::Robot_CRTK; A1 = const ros::TimerEvent&]
     R [01;36m[Koperator[m[K()(T & t, A1 a1) const
       [01;36m[K^~~~~~~~[m[K
[01m[K/usr/include/boost/bind/mem_fn_template.hpp:184:7:[m[K [01;36m[Knote: [m[K  candidate expects 2 arguments, 1 provided
In file included from [01m[K/usr/include/boost/function/detail/maybe_include.hpp:18:0[m[K,
                 from [01m[K/usr/include/boost/function/detail/function_iterate.hpp:14[m[K,
                 from [01m[K/usr/include/boost/preprocessor/iteration/detail/iter/forward1.hpp:52[m[K,
                 from [01m[K/usr/include/boost/function.hpp:64[m[K,
                 from [01m[K/opt/ros/melodic/include/ros/forwards.h:40[m[K,
                 from [01m[K/opt/ros/melodic/include/ros/common.h:37[m[K,
                 from [01m[K/opt/ros/melodic/include/ros/ros.h:43[m[K,
                 from [01m[K/home/jing/Documents/Scripts/CRTK/Flexiv_CRTK/src/flexiv_crtk/src/flexiv_include/flexiv/Robot_CRTK.hpp:13[m[K,
                 from [01m[K/home/jing/Documents/Scripts/CRTK/Flexiv_CRTK/src/flexiv_crtk/src/robot_config.hpp:7[m[K,
                 from [01m[K/home/jing/Documents/Scripts/CRTK/Flexiv_CRTK/src/flexiv_crtk/src/test_main.cpp:1[m[K:
/usr/include/boost/function/function_template.hpp: In instantiation of ‘[01m[Kstatic void boost::detail::function::function_void_mem_invoker1<MemberPtr, R, T0>::invoke(boost::detail::function::function_buffer&, T0) [with MemberPtr = void (flexiv::Robot_CRTK::*)(const ros::TimerEvent&); R = void; T0 = const ros::TimerEvent&][m[K’:
[01m[K/usr/include/boost/function/function_template.hpp:925:38:[m[K   required from ‘[01m[Kvoid boost::function1<R, T1>::assign_to(Functor) [with Functor = void (flexiv::Robot_CRTK::*)(const ros::TimerEvent&); R = void; T0 = const ros::TimerEvent&][m[K’
[01m[K/usr/include/boost/function/function_template.hpp:716:7:[m[K   required from ‘[01m[Kboost::function1<R, T1>::function1(Functor, typename boost::enable_if_c<(! boost::is_integral<Functor>::value), int>::type) [with Functor = void (flexiv::Robot_CRTK::*)(const ros::TimerEvent&); R = void; T0 = const ros::TimerEvent&; typename boost::enable_if_c<(! boost::is_integral<Functor>::value), int>::type = int][m[K’
[01m[K/usr/include/boost/function/function_template.hpp:1061:16:[m[K   required from ‘[01m[Kboost::function<R(T0)>::function(Functor, typename boost::enable_if_c<(! boost::is_integral<Functor>::value), int>::type) [with Functor = void (flexiv::Robot_CRTK::*)(const ros::TimerEvent&); R = void; T0 = const ros::TimerEvent&; typename boost::enable_if_c<(! boost::is_integral<Functor>::value), int>::type = int][m[K’
[01m[K/home/jing/Documents/Scripts/CRTK/Flexiv_CRTK/src/flexiv_crtk/src/flexiv_include/flexiv/Robot_CRTK.hpp:35:92:[m[K   required from here
[01m[K/usr/include/boost/function/function_template.hpp:231:11:[m[K [01;31m[Kerror: [m[Kno match for call to ‘[01m[K(boost::_mfi::mf1<void, flexiv::Robot_CRTK, const ros::TimerEvent&>) (const ros::TimerEvent&)[m[K’
           [01;31m[KB[m[KOOST_FUNCTION_RETURN(boost::mem_fn(*f)(BOOST_FUNCTION_ARGS));
           [01;31m[K^[m[K
In file included from [01m[K/usr/include/boost/bind/mem_fn.hpp:215:0[m[K,
                 from [01m[K/usr/include/boost/mem_fn.hpp:22[m[K,
                 from [01m[K/usr/include/boost/function/detail/prologue.hpp:18[m[K,
                 from [01m[K/usr/include/boost/function.hpp:24[m[K,
                 from [01m[K/opt/ros/melodic/include/ros/forwards.h:40[m[K,
                 from [01m[K/opt/ros/melodic/include/ros/common.h:37[m[K,
                 from [01m[K/opt/ros/melodic/include/ros/ros.h:43[m[K,
                 from [01m[K/home/jing/Documents/Scripts/CRTK/Flexiv_CRTK/src/flexiv_crtk/src/flexiv_include/flexiv/Robot_CRTK.hpp:13[m[K,
                 from [01m[K/home/jing/Documents/Scripts/CRTK/Flexiv_CRTK/src/flexiv_crtk/src/robot_config.hpp:7[m[K,
                 from [01m[K/home/jing/Documents/Scripts/CRTK/Flexiv_CRTK/src/flexiv_crtk/src/test_main.cpp:1[m[K:
[01m[K/usr/include/boost/bind/mem_fn_template.hpp:163:7:[m[K [01;36m[Knote: [m[Kcandidate: R boost::_mfi::mf1<R, T, A1>::operator()(T*, A1) const [with R = void; T = flexiv::Robot_CRTK; A1 = const ros::TimerEvent&]
     R [01;36m[Koperator[m[K()(T * p, A1 a1) const
       [01;36m[K^~~~~~~~[m[K
[01m[K/usr/include/boost/bind/mem_fn_template.hpp:163:7:[m[K [01;36m[Knote: [m[K  candidate expects 2 arguments, 1 provided
[01m[K/usr/include/boost/bind/mem_fn_template.hpp:168:25:[m[K [01;36m[Knote: [m[Kcandidate: template<class U> R boost::_mfi::mf1<R, T, A1>::operator()(U&, A1) const [with U = U; R = void; T = flexiv::Robot_CRTK; A1 = const ros::TimerEvent&]
     template<class U> R [01;36m[Koperator[m[K()(U & u, A1 a1) const
                         [01;36m[K^~~~~~~~[m[K
[01m[K/usr/include/boost/bind/mem_fn_template.hpp:168:25:[m[K [01;36m[Knote: [m[K  template argument deduction/substitution failed:
In file included from [01m[K/usr/include/boost/function/detail/maybe_include.hpp:18:0[m[K,
                 from [01m[K/usr/include/boost/function/detail/function_iterate.hpp:14[m[K,
                 from [01m[K/usr/include/boost/preprocessor/iteration/detail/iter/forward1.hpp:52[m[K,
                 from [01m[K/usr/include/boost/function.hpp:64[m[K,
                 from [01m[K/opt/ros/melodic/include/ros/forwards.h:40[m[K,
                 from [01m[K/opt/ros/melodic/include/ros/common.h:37[m[K,
                 from [01m[K/opt/ros/melodic/include/ros/ros.h:43[m[K,
                 from [01m[K/home/jing/Documents/Scripts/CRTK/Flexiv_CRTK/src/flexiv_crtk/src/flexiv_include/flexiv/Robot_CRTK.hpp:13[m[K,
                 from [01m[K/home/jing/Documents/Scripts/CRTK/Flexiv_CRTK/src/flexiv_crtk/src/robot_config.hpp:7[m[K,
                 from [01m[K/home/jing/Documents/Scripts/CRTK/Flexiv_CRTK/src/flexiv_crtk/src/test_main.cpp:1[m[K:
[01m[K/usr/include/boost/function/function_template.hpp:231:11:[m[K [01;36m[Knote: [m[K  candidate expects 2 arguments, 1 provided
           [01;36m[KB[m[KOOST_FUNCTION_RETURN(boost::mem_fn(*f)(BOOST_FUNCTION_ARGS));
           [01;36m[K^[m[K
In file included from [01m[K/usr/include/boost/bind/mem_fn.hpp:215:0[m[K,
                 from [01m[K/usr/include/boost/mem_fn.hpp:22[m[K,
                 from [01m[K/usr/include/boost/function/detail/prologue.hpp:18[m[K,
                 from [01m[K/usr/include/boost/function.hpp:24[m[K,
                 from [01m[K/opt/ros/melodic/include/ros/forwards.h:40[m[K,
                 from [01m[K/opt/ros/melodic/include/ros/common.h:37[m[K,
                 from [01m[K/opt/ros/melodic/include/ros/ros.h:43[m[K,
                 from [01m[K/home/jing/Documents/Scripts/CRTK/Flexiv_CRTK/src/flexiv_crtk/src/flexiv_include/flexiv/Robot_CRTK.hpp:13[m[K,
                 from [01m[K/home/jing/Documents/Scripts/CRTK/Flexiv_CRTK/src/flexiv_crtk/src/robot_config.hpp:7[m[K,
                 from [01m[K/home/jing/Documents/Scripts/CRTK/Flexiv_CRTK/src/flexiv_crtk/src/test_main.cpp:1[m[K:
[01m[K/usr/include/boost/bind/mem_fn_template.hpp:176:25:[m[K [01;36m[Knote: [m[Kcandidate: template<class U> R boost::_mfi::mf1<R, T, A1>::operator()(const U&, A1) const [with U = U; R = void; T = flexiv::Robot_CRTK; A1 = const ros::TimerEvent&]
     template<class U> R [01;36m[Koperator[m[K()(U const & u, A1 a1) const
                         [01;36m[K^~~~~~~~[m[K
[01m[K/usr/include/boost/bind/mem_fn_template.hpp:176:25:[m[K [01;36m[Knote: [m[K  template argument deduction/substitution failed:
In file included from [01m[K/usr/include/boost/function/detail/maybe_include.hpp:18:0[m[K,
                 from [01m[K/usr/include/boost/function/detail/function_iterate.hpp:14[m[K,
                 from [01m[K/usr/include/boost/preprocessor/iteration/detail/iter/forward1.hpp:52[m[K,
                 from [01m[K/usr/include/boost/function.hpp:64[m[K,
                 from [01m[K/opt/ros/melodic/include/ros/forwards.h:40[m[K,
                 from [01m[K/opt/ros/melodic/include/ros/common.h:37[m[K,
                 from [01m[K/opt/ros/melodic/include/ros/ros.h:43[m[K,
                 from [01m[K/home/jing/Documents/Scripts/CRTK/Flexiv_CRTK/src/flexiv_crtk/src/flexiv_include/flexiv/Robot_CRTK.hpp:13[m[K,
                 from [01m[K/home/jing/Documents/Scripts/CRTK/Flexiv_CRTK/src/flexiv_crtk/src/robot_config.hpp:7[m[K,
                 from [01m[K/home/jing/Documents/Scripts/CRTK/Flexiv_CRTK/src/flexiv_crtk/src/test_main.cpp:1[m[K:
[01m[K/usr/include/boost/function/function_template.hpp:231:11:[m[K [01;36m[Knote: [m[K  candidate expects 2 arguments, 1 provided
           [01;36m[KB[m[KOOST_FUNCTION_RETURN(boost::mem_fn(*f)(BOOST_FUNCTION_ARGS));
           [01;36m[K^[m[K
In file included from [01m[K/usr/include/boost/bind/mem_fn.hpp:215:0[m[K,
                 from [01m[K/usr/include/boost/mem_fn.hpp:22[m[K,
                 from [01m[K/usr/include/boost/function/detail/prologue.hpp:18[m[K,
                 from [01m[K/usr/include/boost/function.hpp:24[m[K,
                 from [01m[K/opt/ros/melodic/include/ros/forwards.h:40[m[K,
                 from [01m[K/opt/ros/melodic/include/ros/common.h:37[m[K,
                 from [01m[K/opt/ros/melodic/include/ros/ros.h:43[m[K,
                 from [01m[K/home/jing/Documents/Scripts/CRTK/Flexiv_CRTK/src/flexiv_crtk/src/flexiv_include/flexiv/Robot_CRTK.hpp:13[m[K,
                 from [01m[K/home/jing/Documents/Scripts/CRTK/Flexiv_CRTK/src/flexiv_crtk/src/robot_config.hpp:7[m[K,
                 from [01m[K/home/jing/Documents/Scripts/CRTK/Flexiv_CRTK/src/flexiv_crtk/src/test_main.cpp:1[m[K:
[01m[K/usr/include/boost/bind/mem_fn_template.hpp:184:7:[m[K [01;36m[Knote: [m[Kcandidate: R boost::_mfi::mf1<R, T, A1>::operator()(T&, A1) const [with R = void; T = flexiv::Robot_CRTK; A1 = const ros::TimerEvent&]
     R [01;36m[Koperator[m[K()(T & t, A1 a1) const
       [01;36m[K^~~~~~~~[m[K
[01m[K/usr/include/boost/bind/mem_fn_template.hpp:184:7:[m[K [01;36m[Knote: [m[K  candidate expects 2 arguments, 1 provided
make[2]: *** [CMakeFiles/robot_states_publisher.dir/src/robot_states_publisher.cpp.o] Error 1
make[1]: *** [CMakeFiles/robot_states_publisher.dir/all] Error 2
make[1]: *** Waiting for unfinished jobs....
make[2]: *** [CMakeFiles/test_main.dir/src/test_main.cpp.o] Error 1
make[1]: *** [CMakeFiles/test_main.dir/all] Error 2
make: *** [all] Error 2
