[  0%] Built target geometry_msgs_generate_messages_eus
[  0%] Built target geometry_msgs_generate_messages_nodejs
[  0%] Built target std_msgs_generate_messages_cpp
[  0%] Built target std_msgs_generate_messages_nodejs
[  0%] Built target geometry_msgs_generate_messages_lisp
[ 13%] Built target robot_states_publisher
[ 13%] Built target std_msgs_generate_messages_lisp
[ 13%] Built target geometry_msgs_generate_messages_cpp
[ 26%] Built target teleoperation_test
[ 26%] Built target geometry_msgs_generate_messages_py
[ 26%] Built target std_msgs_generate_messages_py
[ 26%] Built target std_msgs_generate_messages_eus
[ 40%] Built target test_main
[ 53%] Built target robot_states_subscriber
[ 53%] Built target _flexiv_crtk_generate_messages_check_deps_RobotStates_CRTK
[ 60%] Built target flexiv_crtk_generate_messages_nodejs
[ 73%] Built target flexiv_crtk_generate_messages_eus
[ 80%] Built target flexiv_crtk_generate_messages_cpp
[ 93%] Built target flexiv_crtk_generate_messages_py
[100%] Built target flexiv_crtk_generate_messages_lisp
[100%] Built target flexiv_crtk_generate_messages
