In file included from [01m[K/usr/include/boost/bind/mem_fn.hpp:215:0[m[K,
                 from [01m[K/usr/include/boost/mem_fn.hpp:22[m[K,
                 from [01m[K/usr/include/boost/function/detail/prologue.hpp:18[m[K,
                 from [01m[K/usr/include/boost/function.hpp:24[m[K,
                 from [01m[K/opt/ros/melodic/include/ros/forwards.h:40[m[K,
                 from [01m[K/opt/ros/melodic/include/ros/common.h:37[m[K,
                 from [01m[K/opt/ros/melodic/include/ros/ros.h:43[m[K,
                 from [01m[K/home/jing/Documents/Scripts/CRTK/Flexiv_CRTK/src/flexiv_crtk/src/flexiv_include/flexiv/Robot_CRTK.hpp:13[m[K,
                 from [01m[K/home/jing/Documents/Scripts/CRTK/Flexiv_CRTK/src/flexiv_crtk/src/robot_config.hpp:7[m[K,
                 from [01m[K/home/jing/Documents/Scripts/CRTK/Flexiv_CRTK/src/flexiv_crtk/src/test_main.cpp:1[m[K:
/usr/include/boost/bind/mem_fn_template.hpp: In instantiation of ‘[01m[KR boost::_mfi::mf0<R, T>::call(U&, const void*) const [with U = const ros::TimerEvent; R = void; T = flexiv::Robot_CRTK][m[K’:
[01m[K/usr/include/boost/bind/mem_fn_template.hpp:63:33:[m[K   required from ‘[01m[KR boost::_mfi::mf0<R, T>::operator()(const U&) const [with U = ros::TimerEvent; R = void; T = flexiv::Robot_CRTK][m[K’
[01m[K/usr/include/boost/function/function_template.hpp:231:11:[m[K   required from ‘[01m[Kstatic void boost::detail::function::function_void_mem_invoker1<MemberPtr, R, T0>::invoke(boost::detail::function::function_buffer&, T0) [with MemberPtr = void (flexiv::Robot_CRTK::*)(); R = void; T0 = const ros::TimerEvent&][m[K’
[01m[K/usr/include/boost/function/function_template.hpp:925:38:[m[K   required from ‘[01m[Kvoid boost::function1<R, T1>::assign_to(Functor) [with Functor = void (flexiv::Robot_CRTK::*)(); R = void; T0 = const ros::TimerEvent&][m[K’
[01m[K/usr/include/boost/function/function_template.hpp:716:7:[m[K   required from ‘[01m[Kboost::function1<R, T1>::function1(Functor, typename boost::enable_if_c<(! boost::is_integral<Functor>::value), int>::type) [with Functor = void (flexiv::Robot_CRTK::*)(); R = void; T0 = const ros::TimerEvent&; typename boost::enable_if_c<(! boost::is_integral<Functor>::value), int>::type = int][m[K’
[01m[K/usr/include/boost/function/function_template.hpp:1061:16:[m[K   required from ‘[01m[Kboost::function<R(T0)>::function(Functor, typename boost::enable_if_c<(! boost::is_integral<Functor>::value), int>::type) [with Functor = void (flexiv::Robot_CRTK::*)(); R = void; T0 = const ros::TimerEvent&; typename boost::enable_if_c<(! boost::is_integral<Functor>::value), int>::type = int][m[K’
[01m[K/home/jing/Documents/Scripts/CRTK/Flexiv_CRTK/src/flexiv_crtk/src/flexiv_include/flexiv/Robot_CRTK.hpp:35:98:[m[K   required from here
[01m[K/usr/include/boost/bind/mem_fn_template.hpp:40:41:[m[K [01;31m[Kerror: [m[Kno matching function for call to ‘[01m[Kget_pointer(const ros::TimerEvent&)[m[K’
         BOOST_MEM_FN_RETURN ([01;31m[Kget_pointer(u)[m[K->*f_)();
                              [01;31m[K~~~~~~~~~~~^~~[m[K
In file included from [01m[K/usr/include/boost/smart_ptr/shared_array.hpp:24:0[m[K,
                 from [01m[K/usr/include/boost/shared_array.hpp:17[m[K,
                 from [01m[K/opt/ros/melodic/include/ros/serialized_message.h:33[m[K,
                 from [01m[K/opt/ros/melodic/include/ros/serialization.h:36[m[K,
                 from [01m[K/home/jing/Documents/Scripts/CRTK/Flexiv_CRTK/devel/.private/flexiv_crtk/include/flexiv_crtk/RobotStates_CRTK.h:14[m[K,
                 from [01m[K/home/jing/Documents/Scripts/CRTK/Flexiv_CRTK/src/flexiv_crtk/src/flexiv_include/flexiv/Robot_CRTK.hpp:12[m[K,
                 from [01m[K/home/jing/Documents/Scripts/CRTK/Flexiv_CRTK/src/flexiv_crtk/src/robot_config.hpp:7[m[K,
                 from [01m[K/home/jing/Documents/Scripts/CRTK/Flexiv_CRTK/src/flexiv_crtk/src/test_main.cpp:1[m[K:
[01m[K/usr/include/boost/smart_ptr/shared_ptr.hpp:964:65:[m[K [01;36m[Knote: [m[Kcandidate: template<class T> typename boost::shared_ptr<T>::element_type* boost::get_pointer(const boost::shared_ptr<X>&)
 template<class T> inline typename shared_ptr<T>::element_type * [01;36m[Kget_pointer[m[K(shared_ptr<T> const & p) BOOST_SP_NOEXCEPT
                                                                 [01;36m[K^~~~~~~~~~~[m[K
[01m[K/usr/include/boost/smart_ptr/shared_ptr.hpp:964:65:[m[K [01;36m[Knote: [m[K  template argument deduction/substitution failed:
In file included from [01m[K/usr/include/boost/bind/mem_fn.hpp:215:0[m[K,
                 from [01m[K/usr/include/boost/mem_fn.hpp:22[m[K,
                 from [01m[K/usr/include/boost/function/detail/prologue.hpp:18[m[K,
                 from [01m[K/usr/include/boost/function.hpp:24[m[K,
                 from [01m[K/opt/ros/melodic/include/ros/forwards.h:40[m[K,
                 from [01m[K/opt/ros/melodic/include/ros/common.h:37[m[K,
                 from [01m[K/opt/ros/melodic/include/ros/ros.h:43[m[K,
                 from [01m[K/home/jing/Documents/Scripts/CRTK/Flexiv_CRTK/src/flexiv_crtk/src/flexiv_include/flexiv/Robot_CRTK.hpp:13[m[K,
                 from [01m[K/home/jing/Documents/Scripts/CRTK/Flexiv_CRTK/src/flexiv_crtk/src/robot_config.hpp:7[m[K,
                 from [01m[K/home/jing/Documents/Scripts/CRTK/Flexiv_CRTK/src/flexiv_crtk/src/test_main.cpp:1[m[K:
[01m[K/usr/include/boost/bind/mem_fn_template.hpp:40:41:[m[K [01;36m[Knote: [m[K  ‘[01m[Kconst ros::TimerEvent[m[K’ is not derived from ‘[01m[Kconst boost::shared_ptr<X>[m[K’
         BOOST_MEM_FN_RETURN ([01;36m[Kget_pointer(u)[m[K->*f_)();
                              [01;36m[K~~~~~~~~~~~^~~[m[K
In file included from [01m[K/usr/include/boost/ref.hpp:15:0[m[K,
                 from [01m[K/usr/include/boost/function/function_base.hpp:28[m[K,
                 from [01m[K/usr/include/boost/function/detail/prologue.hpp:17[m[K,
                 from [01m[K/usr/include/boost/function.hpp:24[m[K,
                 from [01m[K/opt/ros/melodic/include/ros/forwards.h:40[m[K,
                 from [01m[K/opt/ros/melodic/include/ros/common.h:37[m[K,
                 from [01m[K/opt/ros/melodic/include/ros/ros.h:43[m[K,
                 from [01m[K/home/jing/Documents/Scripts/CRTK/Flexiv_CRTK/src/flexiv_crtk/src/flexiv_include/flexiv/Robot_CRTK.hpp:13[m[K,
                 from [01m[K/home/jing/Documents/Scripts/CRTK/Flexiv_CRTK/src/flexiv_crtk/src/robot_config.hpp:7[m[K,
                 from [01m[K/home/jing/Documents/Scripts/CRTK/Flexiv_CRTK/src/flexiv_crtk/src/test_main.cpp:1[m[K:
[01m[K/usr/include/boost/core/ref.hpp:291:40:[m[K [01;36m[Knote: [m[Kcandidate: template<class T> T* boost::get_pointer(const boost::reference_wrapper<T>&)
 template<class T> BOOST_FORCEINLINE T* [01;36m[Kget_pointer[m[K( reference_wrapper<T> const & r )
                                        [01;36m[K^~~~~~~~~~~[m[K
[01m[K/usr/include/boost/core/ref.hpp:291:40:[m[K [01;36m[Knote: [m[K  template argument deduction/substitution failed:
In file included from [01m[K/usr/include/boost/bind/mem_fn.hpp:215:0[m[K,
                 from [01m[K/usr/include/boost/mem_fn.hpp:22[m[K,
                 from [01m[K/usr/include/boost/function/detail/prologue.hpp:18[m[K,
                 from [01m[K/usr/include/boost/function.hpp:24[m[K,
                 from [01m[K/opt/ros/melodic/include/ros/forwards.h:40[m[K,
                 from [01m[K/opt/ros/melodic/include/ros/common.h:37[m[K,
                 from [01m[K/opt/ros/melodic/include/ros/ros.h:43[m[K,
                 from [01m[K/home/jing/Documents/Scripts/CRTK/Flexiv_CRTK/src/flexiv_crtk/src/flexiv_include/flexiv/Robot_CRTK.hpp:13[m[K,
                 from [01m[K/home/jing/Documents/Scripts/CRTK/Flexiv_CRTK/src/flexiv_crtk/src/robot_config.hpp:7[m[K,
                 from [01m[K/home/jing/Documents/Scripts/CRTK/Flexiv_CRTK/src/flexiv_crtk/src/test_main.cpp:1[m[K:
[01m[K/usr/include/boost/bind/mem_fn_template.hpp:40:41:[m[K [01;36m[Knote: [m[K  ‘[01m[Kconst ros::TimerEvent[m[K’ is not derived from ‘[01m[Kconst boost::reference_wrapper<T>[m[K’
         BOOST_MEM_FN_RETURN ([01;36m[Kget_pointer(u)[m[K->*f_)();
                              [01;36m[K~~~~~~~~~~~^~~[m[K
In file included from [01m[K/usr/include/boost/bind/mem_fn.hpp:25:0[m[K,
                 from [01m[K/usr/include/boost/mem_fn.hpp:22[m[K,
                 from [01m[K/usr/include/boost/function/detail/prologue.hpp:18[m[K,
                 from [01m[K/usr/include/boost/function.hpp:24[m[K,
                 from [01m[K/opt/ros/melodic/include/ros/forwards.h:40[m[K,
                 from [01m[K/opt/ros/melodic/include/ros/common.h:37[m[K,
                 from [01m[K/opt/ros/melodic/include/ros/ros.h:43[m[K,
                 from [01m[K/home/jing/Documents/Scripts/CRTK/Flexiv_CRTK/src/flexiv_crtk/src/flexiv_include/flexiv/Robot_CRTK.hpp:13[m[K,
                 from [01m[K/home/jing/Documents/Scripts/CRTK/Flexiv_CRTK/src/flexiv_crtk/src/robot_config.hpp:7[m[K,
                 from [01m[K/home/jing/Documents/Scripts/CRTK/Flexiv_CRTK/src/flexiv_crtk/src/test_main.cpp:1[m[K:
[01m[K/usr/include/boost/get_pointer.hpp:20:23:[m[K [01;36m[Knote: [m[Kcandidate: template<class T> T* boost::get_pointer(T*)
 template<class T> T * [01;36m[Kget_pointer[m[K(T * p)
                       [01;36m[K^~~~~~~~~~~[m[K
[01m[K/usr/include/boost/get_pointer.hpp:20:23:[m[K [01;36m[Knote: [m[K  template argument deduction/substitution failed:
In file included from [01m[K/usr/include/boost/bind/mem_fn.hpp:215:0[m[K,
                 from [01m[K/usr/include/boost/mem_fn.hpp:22[m[K,
                 from [01m[K/usr/include/boost/function/detail/prologue.hpp:18[m[K,
                 from [01m[K/usr/include/boost/function.hpp:24[m[K,
                 from [01m[K/opt/ros/melodic/include/ros/forwards.h:40[m[K,
                 from [01m[K/opt/ros/melodic/include/ros/common.h:37[m[K,
                 from [01m[K/opt/ros/melodic/include/ros/ros.h:43[m[K,
                 from [01m[K/home/jing/Documents/Scripts/CRTK/Flexiv_CRTK/src/flexiv_crtk/src/flexiv_include/flexiv/Robot_CRTK.hpp:13[m[K,
                 from [01m[K/home/jing/Documents/Scripts/CRTK/Flexiv_CRTK/src/flexiv_crtk/src/robot_config.hpp:7[m[K,
                 from [01m[K/home/jing/Documents/Scripts/CRTK/Flexiv_CRTK/src/flexiv_crtk/src/test_main.cpp:1[m[K:
[01m[K/usr/include/boost/bind/mem_fn_template.hpp:40:41:[m[K [01;36m[Knote: [m[K  mismatched types ‘[01m[KT*[m[K’ and ‘[01m[Kros::TimerEvent[m[K’
         BOOST_MEM_FN_RETURN ([01;36m[Kget_pointer(u)[m[K->*f_)();
                              [01;36m[K~~~~~~~~~~~^~~[m[K
In file included from [01m[K/usr/include/boost/bind/mem_fn.hpp:25:0[m[K,
                 from [01m[K/usr/include/boost/mem_fn.hpp:22[m[K,
                 from [01m[K/usr/include/boost/function/detail/prologue.hpp:18[m[K,
                 from [01m[K/usr/include/boost/function.hpp:24[m[K,
                 from [01m[K/opt/ros/melodic/include/ros/forwards.h:40[m[K,
                 from [01m[K/opt/ros/melodic/include/ros/common.h:37[m[K,
                 from [01m[K/opt/ros/melodic/include/ros/ros.h:43[m[K,
                 from [01m[K/home/jing/Documents/Scripts/CRTK/Flexiv_CRTK/src/flexiv_crtk/src/flexiv_include/flexiv/Robot_CRTK.hpp:13[m[K,
                 from [01m[K/home/jing/Documents/Scripts/CRTK/Flexiv_CRTK/src/flexiv_crtk/src/robot_config.hpp:7[m[K,
                 from [01m[K/home/jing/Documents/Scripts/CRTK/Flexiv_CRTK/src/flexiv_crtk/src/test_main.cpp:1[m[K:
[01m[K/usr/include/boost/get_pointer.hpp:48:23:[m[K [01;36m[Knote: [m[Kcandidate: template<class T> T* boost::get_pointer(const std::auto_ptr<_Up>&)
 template<class T> T * [01;36m[Kget_pointer[m[K(std::auto_ptr<T> const& p)
                       [01;36m[K^~~~~~~~~~~[m[K
[01m[K/usr/include/boost/get_pointer.hpp:48:23:[m[K [01;36m[Knote: [m[K  template argument deduction/substitution failed:
In file included from [01m[K/usr/include/boost/bind/mem_fn.hpp:215:0[m[K,
                 from [01m[K/usr/include/boost/mem_fn.hpp:22[m[K,
                 from [01m[K/usr/include/boost/function/detail/prologue.hpp:18[m[K,
                 from [01m[K/usr/include/boost/function.hpp:24[m[K,
                 from [01m[K/opt/ros/melodic/include/ros/forwards.h:40[m[K,
                 from [01m[K/opt/ros/melodic/include/ros/common.h:37[m[K,
                 from [01m[K/opt/ros/melodic/include/ros/ros.h:43[m[K,
                 from [01m[K/home/jing/Documents/Scripts/CRTK/Flexiv_CRTK/src/flexiv_crtk/src/flexiv_include/flexiv/Robot_CRTK.hpp:13[m[K,
                 from [01m[K/home/jing/Documents/Scripts/CRTK/Flexiv_CRTK/src/flexiv_crtk/src/robot_config.hpp:7[m[K,
                 from [01m[K/home/jing/Documents/Scripts/CRTK/Flexiv_CRTK/src/flexiv_crtk/src/test_main.cpp:1[m[K:
[01m[K/usr/include/boost/bind/mem_fn_template.hpp:40:41:[m[K [01;36m[Knote: [m[K  ‘[01m[Kconst ros::TimerEvent[m[K’ is not derived from ‘[01m[Kconst std::auto_ptr<_Up>[m[K’
         BOOST_MEM_FN_RETURN ([01;36m[Kget_pointer(u)[m[K->*f_)();
                              [01;36m[K~~~~~~~~~~~^~~[m[K
In file included from [01m[K/usr/include/boost/bind/mem_fn.hpp:25:0[m[K,
                 from [01m[K/usr/include/boost/mem_fn.hpp:22[m[K,
                 from [01m[K/usr/include/boost/function/detail/prologue.hpp:18[m[K,
                 from [01m[K/usr/include/boost/function.hpp:24[m[K,
                 from [01m[K/opt/ros/melodic/include/ros/forwards.h:40[m[K,
                 from [01m[K/opt/ros/melodic/include/ros/common.h:37[m[K,
                 from [01m[K/opt/ros/melodic/include/ros/ros.h:43[m[K,
                 from [01m[K/home/jing/Documents/Scripts/CRTK/Flexiv_CRTK/src/flexiv_crtk/src/flexiv_include/flexiv/Robot_CRTK.hpp:13[m[K,
                 from [01m[K/home/jing/Documents/Scripts/CRTK/Flexiv_CRTK/src/flexiv_crtk/src/robot_config.hpp:7[m[K,
                 from [01m[K/home/jing/Documents/Scripts/CRTK/Flexiv_CRTK/src/flexiv_crtk/src/test_main.cpp:1[m[K:
[01m[K/usr/include/boost/get_pointer.hpp:62:23:[m[K [01;36m[Knote: [m[Kcandidate: template<class T> T* boost::get_pointer(const std::unique_ptr<_Tp>&)
 template<class T> T * [01;36m[Kget_pointer[m[K( std::unique_ptr<T> const& p )
                       [01;36m[K^~~~~~~~~~~[m[K
[01m[K/usr/include/boost/get_pointer.hpp:62:23:[m[K [01;36m[Knote: [m[K  template argument deduction/substitution failed:
In file included from [01m[K/usr/include/boost/bind/mem_fn.hpp:215:0[m[K,
                 from [01m[K/usr/include/boost/mem_fn.hpp:22[m[K,
                 from [01m[K/usr/include/boost/function/detail/prologue.hpp:18[m[K,
                 from [01m[K/usr/include/boost/function.hpp:24[m[K,
                 from [01m[K/opt/ros/melodic/include/ros/forwards.h:40[m[K,
                 from [01m[K/opt/ros/melodic/include/ros/common.h:37[m[K,
                 from [01m[K/opt/ros/melodic/include/ros/ros.h:43[m[K,
                 from [01m[K/home/jing/Documents/Scripts/CRTK/Flexiv_CRTK/src/flexiv_crtk/src/flexiv_include/flexiv/Robot_CRTK.hpp:13[m[K,
                 from [01m[K/home/jing/Documents/Scripts/CRTK/Flexiv_CRTK/src/flexiv_crtk/src/robot_config.hpp:7[m[K,
                 from [01m[K/home/jing/Documents/Scripts/CRTK/Flexiv_CRTK/src/flexiv_crtk/src/test_main.cpp:1[m[K:
[01m[K/usr/include/boost/bind/mem_fn_template.hpp:40:41:[m[K [01;36m[Knote: [m[K  ‘[01m[Kconst ros::TimerEvent[m[K’ is not derived from ‘[01m[Kconst std::unique_ptr<_Tp>[m[K’
         BOOST_MEM_FN_RETURN ([01;36m[Kget_pointer(u)[m[K->*f_)();
                              [01;36m[K~~~~~~~~~~~^~~[m[K
In file included from [01m[K/usr/include/boost/bind/mem_fn.hpp:25:0[m[K,
                 from [01m[K/usr/include/boost/mem_fn.hpp:22[m[K,
                 from [01m[K/usr/include/boost/function/detail/prologue.hpp:18[m[K,
                 from [01m[K/usr/include/boost/function.hpp:24[m[K,
                 from [01m[K/opt/ros/melodic/include/ros/forwards.h:40[m[K,
                 from [01m[K/opt/ros/melodic/include/ros/common.h:37[m[K,
                 from [01m[K/opt/ros/melodic/include/ros/ros.h:43[m[K,
                 from [01m[K/home/jing/Documents/Scripts/CRTK/Flexiv_CRTK/src/flexiv_crtk/src/flexiv_include/flexiv/Robot_CRTK.hpp:13[m[K,
                 from [01m[K/home/jing/Documents/Scripts/CRTK/Flexiv_CRTK/src/flexiv_crtk/src/robot_config.hpp:7[m[K,
                 from [01m[K/home/jing/Documents/Scripts/CRTK/Flexiv_CRTK/src/flexiv_crtk/src/test_main.cpp:1[m[K:
[01m[K/usr/include/boost/get_pointer.hpp:67:23:[m[K [01;36m[Knote: [m[Kcandidate: template<class T> T* boost::get_pointer(const std::shared_ptr<_Tp>&)
 template<class T> T * [01;36m[Kget_pointer[m[K( std::shared_ptr<T> const& p )
                       [01;36m[K^~~~~~~~~~~[m[K
[01m[K/usr/include/boost/get_pointer.hpp:67:23:[m[K [01;36m[Knote: [m[K  template argument deduction/substitution failed:
In file included from [01m[K/usr/include/boost/bind/mem_fn.hpp:215:0[m[K,
                 from [01m[K/usr/include/boost/mem_fn.hpp:22[m[K,
                 from [01m[K/usr/include/boost/function/detail/prologue.hpp:18[m[K,
                 from [01m[K/usr/include/boost/function.hpp:24[m[K,
                 from [01m[K/opt/ros/melodic/include/ros/forwards.h:40[m[K,
                 from [01m[K/opt/ros/melodic/include/ros/common.h:37[m[K,
                 from [01m[K/opt/ros/melodic/include/ros/ros.h:43[m[K,
                 from [01m[K/home/jing/Documents/Scripts/CRTK/Flexiv_CRTK/src/flexiv_crtk/src/flexiv_include/flexiv/Robot_CRTK.hpp:13[m[K,
                 from [01m[K/home/jing/Documents/Scripts/CRTK/Flexiv_CRTK/src/flexiv_crtk/src/robot_config.hpp:7[m[K,
                 from [01m[K/home/jing/Documents/Scripts/CRTK/Flexiv_CRTK/src/flexiv_crtk/src/test_main.cpp:1[m[K:
[01m[K/usr/include/boost/bind/mem_fn_template.hpp:40:41:[m[K [01;36m[Knote: [m[K  ‘[01m[Kconst ros::TimerEvent[m[K’ is not derived from ‘[01m[Kconst std::shared_ptr<_Tp>[m[K’
         BOOST_MEM_FN_RETURN ([01;36m[Kget_pointer(u)[m[K->*f_)();
                              [01;36m[K~~~~~~~~~~~^~~[m[K
[01m[K/usr/include/boost/bind/mem_fn_template.hpp:40:51:[m[K [01;31m[Kerror: [m[Kreturn-statement with a value, in function returning 'void' [[01;31m[K-fpermissive[m[K]
         BOOST_MEM_FN_RETURN (get_pointer(u)->*f_)([01;31m[K)[m[K;
                                                   [01;31m[K^[m[K
In file included from [01m[K/usr/include/boost/bind/mem_fn.hpp:215:0[m[K,
                 from [01m[K/usr/include/boost/mem_fn.hpp:22[m[K,
                 from [01m[K/usr/include/boost/function/detail/prologue.hpp:18[m[K,
                 from [01m[K/usr/include/boost/function.hpp:24[m[K,
                 from [01m[K/opt/ros/melodic/include/ros/forwards.h:40[m[K,
                 from [01m[K/opt/ros/melodic/include/ros/common.h:37[m[K,
                 from [01m[K/opt/ros/melodic/include/ros/ros.h:43[m[K,
                 from [01m[K/home/jing/Documents/Scripts/CRTK/Flexiv_CRTK/src/flexiv_crtk/src/robot_states_publisher.cpp:1[m[K:
/usr/include/boost/bind/mem_fn_template.hpp: In instantiation of ‘[01m[KR boost::_mfi::mf0<R, T>::call(U&, const void*) const [with U = const ros::TimerEvent; R = void; T = flexiv::Robot_CRTK][m[K’:
[01m[K/usr/include/boost/bind/mem_fn_template.hpp:63:33:[m[K   required from ‘[01m[KR boost::_mfi::mf0<R, T>::operator()(const U&) const [with U = ros::TimerEvent; R = void; T = flexiv::Robot_CRTK][m[K’
[01m[K/usr/include/boost/function/function_template.hpp:231:11:[m[K   required from ‘[01m[Kstatic void boost::detail::function::function_void_mem_invoker1<MemberPtr, R, T0>::invoke(boost::detail::function::function_buffer&, T0) [with MemberPtr = void (flexiv::Robot_CRTK::*)(); R = void; T0 = const ros::TimerEvent&][m[K’
[01m[K/usr/include/boost/function/function_template.hpp:925:38:[m[K   required from ‘[01m[Kvoid boost::function1<R, T1>::assign_to(Functor) [with Functor = void (flexiv::Robot_CRTK::*)(); R = void; T0 = const ros::TimerEvent&][m[K’
[01m[K/usr/include/boost/function/function_template.hpp:716:7:[m[K   required from ‘[01m[Kboost::function1<R, T1>::function1(Functor, typename boost::enable_if_c<(! boost::is_integral<Functor>::value), int>::type) [with Functor = void (flexiv::Robot_CRTK::*)(); R = void; T0 = const ros::TimerEvent&; typename boost::enable_if_c<(! boost::is_integral<Functor>::value), int>::type = int][m[K’
[01m[K/usr/include/boost/function/function_template.hpp:1061:16:[m[K   required from ‘[01m[Kboost::function<R(T0)>::function(Functor, typename boost::enable_if_c<(! boost::is_integral<Functor>::value), int>::type) [with Functor = void (flexiv::Robot_CRTK::*)(); R = void; T0 = const ros::TimerEvent&; typename boost::enable_if_c<(! boost::is_integral<Functor>::value), int>::type = int][m[K’
[01m[K/home/jing/Documents/Scripts/CRTK/Flexiv_CRTK/src/flexiv_crtk/src/flexiv_include/flexiv/Robot_CRTK.hpp:35:98:[m[K   required from here
[01m[K/usr/include/boost/bind/mem_fn_template.hpp:40:41:[m[K [01;31m[Kerror: [m[Kno matching function for call to ‘[01m[Kget_pointer(const ros::TimerEvent&)[m[K’
         BOOST_MEM_FN_RETURN ([01;31m[Kget_pointer(u)[m[K->*f_)();
                              [01;31m[K~~~~~~~~~~~^~~[m[K
In file included from [01m[K/usr/include/boost/shared_ptr.hpp:17:0[m[K,
                 from [01m[K/opt/ros/melodic/include/ros/forwards.h:37[m[K,
                 from [01m[K/opt/ros/melodic/include/ros/common.h:37[m[K,
                 from [01m[K/opt/ros/melodic/include/ros/ros.h:43[m[K,
                 from [01m[K/home/jing/Documents/Scripts/CRTK/Flexiv_CRTK/src/flexiv_crtk/src/robot_states_publisher.cpp:1[m[K:
[01m[K/usr/include/boost/smart_ptr/shared_ptr.hpp:964:65:[m[K [01;36m[Knote: [m[Kcandidate: template<class T> typename boost::shared_ptr<T>::element_type* boost::get_pointer(const boost::shared_ptr<X>&)
 template<class T> inline typename shared_ptr<T>::element_type * [01;36m[Kget_pointer[m[K(shared_ptr<T> const & p) BOOST_SP_NOEXCEPT
                                                                 [01;36m[K^~~~~~~~~~~[m[K
[01m[K/usr/include/boost/smart_ptr/shared_ptr.hpp:964:65:[m[K [01;36m[Knote: [m[K  template argument deduction/substitution failed:
In file included from [01m[K/usr/include/boost/bind/mem_fn.hpp:215:0[m[K,
                 from [01m[K/usr/include/boost/mem_fn.hpp:22[m[K,
                 from [01m[K/usr/include/boost/function/detail/prologue.hpp:18[m[K,
                 from [01m[K/usr/include/boost/function.hpp:24[m[K,
                 from [01m[K/opt/ros/melodic/include/ros/forwards.h:40[m[K,
                 from [01m[K/opt/ros/melodic/include/ros/common.h:37[m[K,
                 from [01m[K/opt/ros/melodic/include/ros/ros.h:43[m[K,
                 from [01m[K/home/jing/Documents/Scripts/CRTK/Flexiv_CRTK/src/flexiv_crtk/src/robot_states_publisher.cpp:1[m[K:
[01m[K/usr/include/boost/bind/mem_fn_template.hpp:40:41:[m[K [01;36m[Knote: [m[K  ‘[01m[Kconst ros::TimerEvent[m[K’ is not derived from ‘[01m[Kconst boost::shared_ptr<X>[m[K’
         BOOST_MEM_FN_RETURN ([01;36m[Kget_pointer(u)[m[K->*f_)();
                              [01;36m[K~~~~~~~~~~~^~~[m[K
In file included from [01m[K/usr/include/boost/ref.hpp:15:0[m[K,
                 from [01m[K/usr/include/boost/function/function_base.hpp:28[m[K,
                 from [01m[K/usr/include/boost/function/detail/prologue.hpp:17[m[K,
                 from [01m[K/usr/include/boost/function.hpp:24[m[K,
                 from [01m[K/opt/ros/melodic/include/ros/forwards.h:40[m[K,
                 from [01m[K/opt/ros/melodic/include/ros/common.h:37[m[K,
                 from [01m[K/opt/ros/melodic/include/ros/ros.h:43[m[K,
                 from [01m[K/home/jing/Documents/Scripts/CRTK/Flexiv_CRTK/src/flexiv_crtk/src/robot_states_publisher.cpp:1[m[K:
[01m[K/usr/include/boost/core/ref.hpp:291:40:[m[K [01;36m[Knote: [m[Kcandidate: template<class T> T* boost::get_pointer(const boost::reference_wrapper<T>&)
 template<class T> BOOST_FORCEINLINE T* [01;36m[Kget_pointer[m[K( reference_wrapper<T> const & r )
                                        [01;36m[K^~~~~~~~~~~[m[K
[01m[K/usr/include/boost/core/ref.hpp:291:40:[m[K [01;36m[Knote: [m[K  template argument deduction/substitution failed:
In file included from [01m[K/usr/include/boost/bind/mem_fn.hpp:215:0[m[K,
                 from [01m[K/usr/include/boost/mem_fn.hpp:22[m[K,
                 from [01m[K/usr/include/boost/function/detail/prologue.hpp:18[m[K,
                 from [01m[K/usr/include/boost/function.hpp:24[m[K,
                 from [01m[K/opt/ros/melodic/include/ros/forwards.h:40[m[K,
                 from [01m[K/opt/ros/melodic/include/ros/common.h:37[m[K,
                 from [01m[K/opt/ros/melodic/include/ros/ros.h:43[m[K,
                 from [01m[K/home/jing/Documents/Scripts/CRTK/Flexiv_CRTK/src/flexiv_crtk/src/robot_states_publisher.cpp:1[m[K:
[01m[K/usr/include/boost/bind/mem_fn_template.hpp:40:41:[m[K [01;36m[Knote: [m[K  ‘[01m[Kconst ros::TimerEvent[m[K’ is not derived from ‘[01m[Kconst boost::reference_wrapper<T>[m[K’
         BOOST_MEM_FN_RETURN ([01;36m[Kget_pointer(u)[m[K->*f_)();
                              [01;36m[K~~~~~~~~~~~^~~[m[K
In file included from [01m[K/usr/include/boost/bind/mem_fn.hpp:25:0[m[K,
                 from [01m[K/usr/include/boost/mem_fn.hpp:22[m[K,
                 from [01m[K/usr/include/boost/function/detail/prologue.hpp:18[m[K,
                 from [01m[K/usr/include/boost/function.hpp:24[m[K,
                 from [01m[K/opt/ros/melodic/include/ros/forwards.h:40[m[K,
                 from [01m[K/opt/ros/melodic/include/ros/common.h:37[m[K,
                 from [01m[K/opt/ros/melodic/include/ros/ros.h:43[m[K,
                 from [01m[K/home/jing/Documents/Scripts/CRTK/Flexiv_CRTK/src/flexiv_crtk/src/robot_states_publisher.cpp:1[m[K:
[01m[K/usr/include/boost/get_pointer.hpp:20:23:[m[K [01;36m[Knote: [m[Kcandidate: template<class T> T* boost::get_pointer(T*)
 template<class T> T * [01;36m[Kget_pointer[m[K(T * p)
                       [01;36m[K^~~~~~~~~~~[m[K
[01m[K/usr/include/boost/get_pointer.hpp:20:23:[m[K [01;36m[Knote: [m[K  template argument deduction/substitution failed:
In file included from [01m[K/usr/include/boost/bind/mem_fn.hpp:215:0[m[K,
                 from [01m[K/usr/include/boost/mem_fn.hpp:22[m[K,
                 from [01m[K/usr/include/boost/function/detail/prologue.hpp:18[m[K,
                 from [01m[K/usr/include/boost/function.hpp:24[m[K,
                 from [01m[K/opt/ros/melodic/include/ros/forwards.h:40[m[K,
                 from [01m[K/opt/ros/melodic/include/ros/common.h:37[m[K,
                 from [01m[K/opt/ros/melodic/include/ros/ros.h:43[m[K,
                 from [01m[K/home/jing/Documents/Scripts/CRTK/Flexiv_CRTK/src/flexiv_crtk/src/robot_states_publisher.cpp:1[m[K:
[01m[K/usr/include/boost/bind/mem_fn_template.hpp:40:41:[m[K [01;36m[Knote: [m[K  mismatched types ‘[01m[KT*[m[K’ and ‘[01m[Kros::TimerEvent[m[K’
         BOOST_MEM_FN_RETURN ([01;36m[Kget_pointer(u)[m[K->*f_)();
                              [01;36m[K~~~~~~~~~~~^~~[m[K
In file included from [01m[K/usr/include/boost/bind/mem_fn.hpp:25:0[m[K,
                 from [01m[K/usr/include/boost/mem_fn.hpp:22[m[K,
                 from [01m[K/usr/include/boost/function/detail/prologue.hpp:18[m[K,
                 from [01m[K/usr/include/boost/function.hpp:24[m[K,
                 from [01m[K/opt/ros/melodic/include/ros/forwards.h:40[m[K,
                 from [01m[K/opt/ros/melodic/include/ros/common.h:37[m[K,
                 from [01m[K/opt/ros/melodic/include/ros/ros.h:43[m[K,
                 from [01m[K/home/jing/Documents/Scripts/CRTK/Flexiv_CRTK/src/flexiv_crtk/src/robot_states_publisher.cpp:1[m[K:
[01m[K/usr/include/boost/get_pointer.hpp:48:23:[m[K [01;36m[Knote: [m[Kcandidate: template<class T> T* boost::get_pointer(const std::auto_ptr<Y>&)
 template<class T> T * [01;36m[Kget_pointer[m[K(std::auto_ptr<T> const& p)
                       [01;36m[K^~~~~~~~~~~[m[K
[01m[K/usr/include/boost/get_pointer.hpp:48:23:[m[K [01;36m[Knote: [m[K  template argument deduction/substitution failed:
In file included from [01m[K/usr/include/boost/bind/mem_fn.hpp:215:0[m[K,
                 from [01m[K/usr/include/boost/mem_fn.hpp:22[m[K,
                 from [01m[K/usr/include/boost/function/detail/prologue.hpp:18[m[K,
                 from [01m[K/usr/include/boost/function.hpp:24[m[K,
                 from [01m[K/opt/ros/melodic/include/ros/forwards.h:40[m[K,
                 from [01m[K/opt/ros/melodic/include/ros/common.h:37[m[K,
                 from [01m[K/opt/ros/melodic/include/ros/ros.h:43[m[K,
                 from [01m[K/home/jing/Documents/Scripts/CRTK/Flexiv_CRTK/src/flexiv_crtk/src/robot_states_publisher.cpp:1[m[K:
[01m[K/usr/include/boost/bind/mem_fn_template.hpp:40:41:[m[K [01;36m[Knote: [m[K  ‘[01m[Kconst ros::TimerEvent[m[K’ is not derived from ‘[01m[Kconst std::auto_ptr<Y>[m[K’
         BOOST_MEM_FN_RETURN ([01;36m[Kget_pointer(u)[m[K->*f_)();
                              [01;36m[K~~~~~~~~~~~^~~[m[K
In file included from [01m[K/usr/include/boost/bind/mem_fn.hpp:25:0[m[K,
                 from [01m[K/usr/include/boost/mem_fn.hpp:22[m[K,
                 from [01m[K/usr/include/boost/function/detail/prologue.hpp:18[m[K,
                 from [01m[K/usr/include/boost/function.hpp:24[m[K,
                 from [01m[K/opt/ros/melodic/include/ros/forwards.h:40[m[K,
                 from [01m[K/opt/ros/melodic/include/ros/common.h:37[m[K,
                 from [01m[K/opt/ros/melodic/include/ros/ros.h:43[m[K,
                 from [01m[K/home/jing/Documents/Scripts/CRTK/Flexiv_CRTK/src/flexiv_crtk/src/robot_states_publisher.cpp:1[m[K:
[01m[K/usr/include/boost/get_pointer.hpp:62:23:[m[K [01;36m[Knote: [m[Kcandidate: template<class T> T* boost::get_pointer(const std::unique_ptr<_Tp>&)
 template<class T> T * [01;36m[Kget_pointer[m[K( std::unique_ptr<T> const& p )
                       [01;36m[K^~~~~~~~~~~[m[K
[01m[K/usr/include/boost/get_pointer.hpp:62:23:[m[K [01;36m[Knote: [m[K  template argument deduction/substitution failed:
In file included from [01m[K/usr/include/boost/bind/mem_fn.hpp:215:0[m[K,
                 from [01m[K/usr/include/boost/mem_fn.hpp:22[m[K,
                 from [01m[K/usr/include/boost/function/detail/prologue.hpp:18[m[K,
                 from [01m[K/usr/include/boost/function.hpp:24[m[K,
                 from [01m[K/opt/ros/melodic/include/ros/forwards.h:40[m[K,
                 from [01m[K/opt/ros/melodic/include/ros/common.h:37[m[K,
                 from [01m[K/opt/ros/melodic/include/ros/ros.h:43[m[K,
                 from [01m[K/home/jing/Documents/Scripts/CRTK/Flexiv_CRTK/src/flexiv_crtk/src/robot_states_publisher.cpp:1[m[K:
[01m[K/usr/include/boost/bind/mem_fn_template.hpp:40:41:[m[K [01;36m[Knote: [m[K  ‘[01m[Kconst ros::TimerEvent[m[K’ is not derived from ‘[01m[Kconst std::unique_ptr<_Tp>[m[K’
         BOOST_MEM_FN_RETURN ([01;36m[Kget_pointer(u)[m[K->*f_)();
                              [01;36m[K~~~~~~~~~~~^~~[m[K
In file included from [01m[K/usr/include/boost/bind/mem_fn.hpp:25:0[m[K,
                 from [01m[K/usr/include/boost/mem_fn.hpp:22[m[K,
                 from [01m[K/usr/include/boost/function/detail/prologue.hpp:18[m[K,
                 from [01m[K/usr/include/boost/function.hpp:24[m[K,
                 from [01m[K/opt/ros/melodic/include/ros/forwards.h:40[m[K,
                 from [01m[K/opt/ros/melodic/include/ros/common.h:37[m[K,
                 from [01m[K/opt/ros/melodic/include/ros/ros.h:43[m[K,
                 from [01m[K/home/jing/Documents/Scripts/CRTK/Flexiv_CRTK/src/flexiv_crtk/src/robot_states_publisher.cpp:1[m[K:
[01m[K/usr/include/boost/get_pointer.hpp:67:23:[m[K [01;36m[Knote: [m[Kcandidate: template<class T> T* boost::get_pointer(const std::shared_ptr<_Tp>&)
 template<class T> T * [01;36m[Kget_pointer[m[K( std::shared_ptr<T> const& p )
                       [01;36m[K^~~~~~~~~~~[m[K
[01m[K/usr/include/boost/get_pointer.hpp:67:23:[m[K [01;36m[Knote: [m[K  template argument deduction/substitution failed:
In file included from [01m[K/usr/include/boost/bind/mem_fn.hpp:215:0[m[K,
                 from [01m[K/usr/include/boost/mem_fn.hpp:22[m[K,
                 from [01m[K/usr/include/boost/function/detail/prologue.hpp:18[m[K,
                 from [01m[K/usr/include/boost/function.hpp:24[m[K,
                 from [01m[K/opt/ros/melodic/include/ros/forwards.h:40[m[K,
                 from [01m[K/opt/ros/melodic/include/ros/common.h:37[m[K,
                 from [01m[K/opt/ros/melodic/include/ros/ros.h:43[m[K,
                 from [01m[K/home/jing/Documents/Scripts/CRTK/Flexiv_CRTK/src/flexiv_crtk/src/robot_states_publisher.cpp:1[m[K:
[01m[K/usr/include/boost/bind/mem_fn_template.hpp:40:41:[m[K [01;36m[Knote: [m[K  ‘[01m[Kconst ros::TimerEvent[m[K’ is not derived from ‘[01m[Kconst std::shared_ptr<_Tp>[m[K’
         BOOST_MEM_FN_RETURN ([01;36m[Kget_pointer(u)[m[K->*f_)();
                              [01;36m[K~~~~~~~~~~~^~~[m[K
[01m[K/usr/include/boost/bind/mem_fn_template.hpp:40:51:[m[K [01;31m[Kerror: [m[Kreturn-statement with a value, in function returning 'void' [[01;31m[K-fpermissive[m[K]
         BOOST_MEM_FN_RETURN (get_pointer(u)->*f_)([01;31m[K)[m[K;
                                                   [01;31m[K^[m[K
make[2]: *** [CMakeFiles/test_main.dir/src/test_main.cpp.o] Error 1
make[1]: *** [CMakeFiles/test_main.dir/all] Error 2
make[1]: *** Waiting for unfinished jobs....
make[2]: *** [CMakeFiles/robot_states_publisher.dir/src/robot_states_publisher.cpp.o] Error 1
make[1]: *** [CMakeFiles/robot_states_publisher.dir/all] Error 2
make: *** [all] Error 2
