[01m[K/home/jing/Documents/Scripts/CRTK/Flexiv_CRTK/src/visual_rviz/src/joint_states_publisher_test.cpp:[m[K In function ‘[01m[Kint main(int, char**)[m[K’:
[01m[K/home/jing/Documents/Scripts/CRTK/Flexiv_CRTK/src/visual_rviz/src/joint_states_publisher_test.cpp:15:28:[m[K [01;31m[Kerror: [m[Kno match for ‘[01m[Koperator=[m[K’ (operand types are ‘[01m[Ksensor_msgs::JointState_<std::allocator<void> >::_name_type {aka std::vector<std::__cxx11::basic_string<char> >}[m[K’ and ‘[01m[Kconst char [14][m[K’)
     cur_joint_state.name = [01;31m[K"test_arm_name"[m[K;
                            [01;31m[K^~~~~~~~~~~~~~~[m[K
In file included from [01m[K/usr/include/c++/7/vector:69:0[m[K,
                 from [01m[K/usr/include/boost/math/special_functions/math_fwd.hpp:26[m[K,
                 from [01m[K/usr/include/boost/math/special_functions/round.hpp:15[m[K,
                 from [01m[K/opt/ros/melodic/include/ros/time.h:58[m[K,
                 from [01m[K/opt/ros/melodic/include/ros/ros.h:38[m[K,
                 from [01m[K/home/jing/Documents/Scripts/CRTK/Flexiv_CRTK/src/visual_rviz/src/joint_states_publisher_test.cpp:1[m[K:
[01m[K/usr/include/c++/7/bits/vector.tcc:179:5:[m[K [01;36m[Knote: [m[Kcandidate: std::vector<_Tp, _Alloc>& std::vector<_Tp, _Alloc>::operator=(const std::vector<_Tp, _Alloc>&) [with _Tp = std::__cxx11::basic_string<char>; _Alloc = std::allocator<std::__cxx11::basic_string<char> >]
     [01;36m[Kvector<_Tp, _Alloc>[m[K::
     [01;36m[K^~~~~~~~~~~~~~~~~~~[m[K
[01m[K/usr/include/c++/7/bits/vector.tcc:179:5:[m[K [01;36m[Knote: [m[K  no known conversion for argument 1 from ‘[01m[Kconst char [14][m[K’ to ‘[01m[Kconst std::vector<std::__cxx11::basic_string<char> >&[m[K’
In file included from [01m[K/usr/include/c++/7/vector:64:0[m[K,
                 from [01m[K/usr/include/boost/math/special_functions/math_fwd.hpp:26[m[K,
                 from [01m[K/usr/include/boost/math/special_functions/round.hpp:15[m[K,
                 from [01m[K/opt/ros/melodic/include/ros/time.h:58[m[K,
                 from [01m[K/opt/ros/melodic/include/ros/ros.h:38[m[K,
                 from [01m[K/home/jing/Documents/Scripts/CRTK/Flexiv_CRTK/src/visual_rviz/src/joint_states_publisher_test.cpp:1[m[K:
[01m[K/usr/include/c++/7/bits/stl_vector.h:461:7:[m[K [01;36m[Knote: [m[Kcandidate: std::vector<_Tp, _Alloc>& std::vector<_Tp, _Alloc>::operator=(std::vector<_Tp, _Alloc>&&) [with _Tp = std::__cxx11::basic_string<char>; _Alloc = std::allocator<std::__cxx11::basic_string<char> >]
       [01;36m[Koperator[m[K=(vector&& __x) noexcept(_Alloc_traits::_S_nothrow_move())
       [01;36m[K^~~~~~~~[m[K
[01m[K/usr/include/c++/7/bits/stl_vector.h:461:7:[m[K [01;36m[Knote: [m[K  no known conversion for argument 1 from ‘[01m[Kconst char [14][m[K’ to ‘[01m[Kstd::vector<std::__cxx11::basic_string<char> >&&[m[K’
[01m[K/usr/include/c++/7/bits/stl_vector.h:482:7:[m[K [01;36m[Knote: [m[Kcandidate: std::vector<_Tp, _Alloc>& std::vector<_Tp, _Alloc>::operator=(std::initializer_list<_Tp>) [with _Tp = std::__cxx11::basic_string<char>; _Alloc = std::allocator<std::__cxx11::basic_string<char> >]
       [01;36m[Koperator[m[K=(initializer_list<value_type> __l)
       [01;36m[K^~~~~~~~[m[K
[01m[K/usr/include/c++/7/bits/stl_vector.h:482:7:[m[K [01;36m[Knote: [m[K  no known conversion for argument 1 from ‘[01m[Kconst char [14][m[K’ to ‘[01m[Kstd::initializer_list<std::__cxx11::basic_string<char> >[m[K’
make[2]: *** [CMakeFiles/joint_states_pub_test.dir/src/joint_states_publisher_test.cpp.o] Error 1
make[1]: *** [CMakeFiles/joint_states_pub_test.dir/all] Error 2
make: *** [all] Error 2
